d:\solo-0619-3\07-icebreaker-physics-sim\icephysicsengine\build\icephysicsengine.dir\release\hydrodynamics.obj
d:\solo-0619-3\07-icebreaker-physics-sim\icephysicsengine\build\icephysicsengine.dir\release\collider.obj
d:\solo-0619-3\07-icebreaker-physics-sim\icephysicsengine\build\icephysicsengine.dir\release\icephysicsapi.obj
d:\solo-0619-3\07-icebreaker-physics-sim\icephysicsengine\build\icephysicsengine.dir\release\physicsworld.obj
d:\solo-0619-3\07-icebreaker-physics-sim\icephysicsengine\build\icephysicsengine.dir\release\voronoi.obj
d:\solo-0619-3\07-icebreaker-physics-sim\icephysicsengine\build\icephysicsengine.dir\release\rigidbody.obj
d:\solo-0619-3\07-icebreaker-physics-sim\icephysicsengine\build\cmakefiles\generate.stamp
d:\solo-0619-3\07-icebreaker-physics-sim\icephysicsengine\build\release\icephysicsengine.dll
d:\solo-0619-3\07-icebreaker-physics-sim\icephysicsengine\build\release\icephysicsengine.lib
d:\solo-0619-3\07-icebreaker-physics-sim\icephysicsengine\build\release\icephysicsengine.exp
d:\solo-0619-3\07-icebreaker-physics-sim\icephysicsengine\build\icephysicsengine.dir\release\collisiondetection.obj
d:\solo-0619-3\07-icebreaker-physics-sim\icephysicsengine\build\icephysicsengine.dir\release\icephysicsengine.tlog\cl.command.1.tlog
d:\solo-0619-3\07-icebreaker-physics-sim\icephysicsengine\build\icephysicsengine.dir\release\icephysicsengine.tlog\cl.read.1.tlog
d:\solo-0619-3\07-icebreaker-physics-sim\icephysicsengine\build\icephysicsengine.dir\release\icephysicsengine.tlog\cl.write.1.tlog
d:\solo-0619-3\07-icebreaker-physics-sim\icephysicsengine\build\icephysicsengine.dir\release\icephysicsengine.tlog\custombuild.command.1.tlog
d:\solo-0619-3\07-icebreaker-physics-sim\icephysicsengine\build\icephysicsengine.dir\release\icephysicsengine.tlog\custombuild.read.1.tlog
d:\solo-0619-3\07-icebreaker-physics-sim\icephysicsengine\build\icephysicsengine.dir\release\icephysicsengine.tlog\custombuild.write.1.tlog
d:\solo-0619-3\07-icebreaker-physics-sim\icephysicsengine\build\icephysicsengine.dir\release\icephysicsengine.tlog\link.command.1.tlog
d:\solo-0619-3\07-icebreaker-physics-sim\icephysicsengine\build\icephysicsengine.dir\release\icephysicsengine.tlog\link.read.1.tlog
d:\solo-0619-3\07-icebreaker-physics-sim\icephysicsengine\build\icephysicsengine.dir\release\icephysicsengine.tlog\link.secondary.1.tlog
d:\solo-0619-3\07-icebreaker-physics-sim\icephysicsengine\build\icephysicsengine.dir\release\icephysicsengine.tlog\link.write.1.tlog
